d:\gamepack\gamedevpracticepackage20181206\chapter1\lecture1\x64\release\drawfunctions.nativecodeanalysis.xml
d:\gamepack\gamedevpracticepackage20181206\chapter1\lecture1\x64\release\game2d.nativecodeanalysis.xml
d:\gamepack\gamedevpracticepackage20181206\chapter1\lecture1\x64\release\main.nativecodeanalysis.xml
d:\gamepack\gamedevpracticepackage20181206\chapter1\lecture1\x64\release\timer.nativecodeanalysis.xml
d:\gamepack\gamedevpracticepackage20181206\chapter1\lecture1\x64\release\vc141.pdb
d:\gamepack\gamedevpracticepackage20181206\chapter1\lecture1\x64\release\timer.obj
d:\gamepack\gamedevpracticepackage20181206\chapter1\lecture1\x64\release\main.obj
d:\gamepack\gamedevpracticepackage20181206\chapter1\lecture1\x64\release\game2d.obj
d:\gamepack\gamedevpracticepackage20181206\chapter1\lecture1\x64\release\drawfunctions.obj
d:\gamepack\gamedevpracticepackage20181206\chapter1\lecture1\x64\release\lecture1.ipdb
d:\gamepack\gamedevpracticepackage20181206\chapter1\lecture1\x64\release\lecture1.iobj
d:\gamepack\gamedevpracticepackage20181206\chapter1\lecture1\x64\release\vcpkg.applocal.log
d:\gamepack\gamedevpracticepackage20181206\chapter1\lecture1\x64\release\glew32.dll
d:\gamepack\gamedevpracticepackage20181206\chapter1\lecture1\x64\release\glfw3.dll
d:\gamepack\gamedevpracticepackage20181206\chapter1\lecture1\x64\release\lecture1.exe
d:\gamepack\gamedevpracticepackage20181206\chapter1\lecture1\x64\release\lecture1.pdb
d:\gamepack\gamedevpracticepackage20181206\chapter1\lecture1\x64\release\nativecodeanalysis.read.1.tlog
d:\gamepack\gamedevpracticepackage20181206\chapter1\lecture1\x64\release\vc.nativecodeanalysis.all.xml
d:\gamepack\gamedevpracticepackage20181206\chapter1\lecture1\x64\release\lecture1.exe.lastcodeanalysissucceeded
d:\gamepack\gamedevpracticepackage20181206\chapter1\lecture1\x64\release\lecture1.tlog\cl.command.1.tlog
d:\gamepack\gamedevpracticepackage20181206\chapter1\lecture1\x64\release\lecture1.tlog\cl.read.1.tlog
d:\gamepack\gamedevpracticepackage20181206\chapter1\lecture1\x64\release\lecture1.tlog\cl.write.1.tlog
d:\gamepack\gamedevpracticepackage20181206\chapter1\lecture1\x64\release\lecture1.tlog\lecture1.write.1u.tlog
d:\gamepack\gamedevpracticepackage20181206\chapter1\lecture1\x64\release\lecture1.tlog\link.command.1.tlog
d:\gamepack\gamedevpracticepackage20181206\chapter1\lecture1\x64\release\lecture1.tlog\link.read.1.tlog
d:\gamepack\gamedevpracticepackage20181206\chapter1\lecture1\x64\release\lecture1.tlog\link.write.1.tlog
